<?xml version="1.0" encoding="UTF-8"?>
<!-- Generated by org.testng.reporters.JUnitXMLReporter -->
<testsuite ignored="0" hostname="sansidson-PC" failures="0" tests="5" name="Test" time="83.473" errors="0" timestamp="2022-09-13T08:09:22 IST">
  <testcase classname="testcases.RegisterAccountWarningtexts" name="RegAccountWarningtexts" time="8.054"/>
  <testcase classname="testcases.StaticDropDownhandle" name="StaticDrophandle" time="6.746"/>
  <testcase classname="testcases.Headerlinksvalidity" name="HeaderLinks" time="3.201"/>
  <testcase classname="testcases.LoginModuleTest" name="LoginModule" time="2.662"/>
  <testcase classname="testcases.VerifyProductPrice" name="VerifyPrice" time="14.582"/>
</testsuite> <!-- Test -->
