<?xml version="1.0" encoding="UTF-8"?>
<testng-results ignored="0" total="5" passed="5" failed="0" skipped="0">
  <reporter-output>
  </reporter-output>
  <suite started-at="2022-09-13T08:07:58 IST" name="Suite" finished-at="2022-09-13T08:09:22 IST" duration-ms="83473">
    <groups>
    </groups>
    <test started-at="2022-09-13T08:07:58 IST" name="Test" finished-at="2022-09-13T08:09:22 IST" duration-ms="83473">
      <class name="testcases.Headerlinksvalidity">
        <test-method is-config="true" signature="launchbrowser()[pri:0, instance:testcases.Headerlinksvalidity@51e69659]" started-at="2022-09-13T08:08:34 IST" name="launchbrowser" finished-at="2022-09-13T08:08:42 IST" duration-ms="8482" status="PASS">
          <reporter-output>
          </reporter-output>
        </test-method> <!-- launchbrowser -->
        <test-method signature="HeaderLinks()[pri:0, instance:testcases.Headerlinksvalidity@51e69659]" started-at="2022-09-13T08:08:42 IST" name="HeaderLinks" finished-at="2022-09-13T08:08:45 IST" duration-ms="3201" status="PASS">
          <reporter-output>
          </reporter-output>
        </test-method> <!-- HeaderLinks -->
      </class> <!-- testcases.Headerlinksvalidity -->
      <class name="testcases.StaticDropDownhandle">
        <test-method is-config="true" signature="launchbrowser()[pri:0, instance:testcases.StaticDropDownhandle@659499f1]" started-at="2022-09-13T08:08:21 IST" name="launchbrowser" finished-at="2022-09-13T08:08:27 IST" duration-ms="6364" status="PASS">
          <reporter-output>
          </reporter-output>
        </test-method> <!-- launchbrowser -->
        <test-method signature="StaticDrophandle()[pri:0, instance:testcases.StaticDropDownhandle@659499f1]" started-at="2022-09-13T08:08:27 IST" name="StaticDrophandle" finished-at="2022-09-13T08:08:34 IST" duration-ms="6746" status="PASS">
          <reporter-output>
          </reporter-output>
        </test-method> <!-- StaticDrophandle -->
      </class> <!-- testcases.StaticDropDownhandle -->
      <class name="testcases.RegisterAccountWarningtexts">
        <test-method is-config="true" signature="launchbrowser()[pri:0, instance:testcases.RegisterAccountWarningtexts@1af2d44a]" started-at="2022-09-13T08:07:58 IST" name="launchbrowser" finished-at="2022-09-13T08:08:12 IST" duration-ms="14335" status="PASS">
          <reporter-output>
          </reporter-output>
        </test-method> <!-- launchbrowser -->
        <test-method signature="RegAccountWarningtexts()[pri:0, instance:testcases.RegisterAccountWarningtexts@1af2d44a]" started-at="2022-09-13T08:08:12 IST" name="RegAccountWarningtexts" finished-at="2022-09-13T08:08:21 IST" duration-ms="8054" status="PASS">
          <reporter-output>
          </reporter-output>
        </test-method> <!-- RegAccountWarningtexts -->
      </class> <!-- testcases.RegisterAccountWarningtexts -->
      <class name="testcases.LoginModuleTest">
        <test-method is-config="true" signature="launchbrowser()[pri:0, instance:testcases.LoginModuleTest@47e2e487]" started-at="2022-09-13T08:08:45 IST" name="launchbrowser" finished-at="2022-09-13T08:08:57 IST" duration-ms="12127" status="PASS">
          <reporter-output>
          </reporter-output>
        </test-method> <!-- launchbrowser -->
        <test-method signature="LoginModule()[pri:0, instance:testcases.LoginModuleTest@47e2e487]" started-at="2022-09-13T08:08:57 IST" name="LoginModule" finished-at="2022-09-13T08:09:00 IST" duration-ms="2662" status="PASS">
          <reporter-output>
          </reporter-output>
        </test-method> <!-- LoginModule -->
      </class> <!-- testcases.LoginModuleTest -->
      <class name="testcases.VerifyProductPrice">
        <test-method is-config="true" signature="launchbrowser()[pri:0, instance:testcases.VerifyProductPrice@201a4587]" started-at="2022-09-13T08:09:00 IST" name="launchbrowser" finished-at="2022-09-13T08:09:07 IST" duration-ms="6828" status="PASS">
          <reporter-output>
          </reporter-output>
        </test-method> <!-- launchbrowser -->
        <test-method signature="VerifyPrice()[pri:0, instance:testcases.VerifyProductPrice@201a4587]" started-at="2022-09-13T08:09:07 IST" name="VerifyPrice" finished-at="2022-09-13T08:09:22 IST" duration-ms="14582" status="PASS">
          <reporter-output>
          </reporter-output>
        </test-method> <!-- VerifyPrice -->
      </class> <!-- testcases.VerifyProductPrice -->
    </test> <!-- Test -->
  </suite> <!-- Suite -->
</testng-results>
